Traceback (most recent call last):
  File "/opt/anaconda3/envs/homepage/lib/python3.12/site-packages/jupyter_cache/executors/utils.py", line 58, in single_nb_execution
    executenb(
  File "/opt/anaconda3/envs/homepage/lib/python3.12/site-packages/nbclient/client.py", line 1314, in execute
    return NotebookClient(nb=nb, resources=resources, km=km, **kwargs).execute()
           ^^^^^^^^^^^^^^^^^^^^^^^^^^^^^^^^^^^^^^^^^^^^^^^^^^^^^^^^^^^^^^^^^^^^^
  File "/opt/anaconda3/envs/homepage/lib/python3.12/site-packages/jupyter_core/utils/__init__.py", line 165, in wrapped
    return loop.run_until_complete(inner)
           ^^^^^^^^^^^^^^^^^^^^^^^^^^^^^^
  File "/opt/anaconda3/envs/homepage/lib/python3.12/asyncio/base_events.py", line 687, in run_until_complete
    return future.result()
           ^^^^^^^^^^^^^^^
  File "/opt/anaconda3/envs/homepage/lib/python3.12/site-packages/nbclient/client.py", line 709, in async_execute
    await self.async_execute_cell(
  File "/opt/anaconda3/envs/homepage/lib/python3.12/site-packages/nbclient/client.py", line 1062, in async_execute_cell
    await self._check_raise_for_error(cell, cell_index, exec_reply)
  File "/opt/anaconda3/envs/homepage/lib/python3.12/site-packages/nbclient/client.py", line 918, in _check_raise_for_error
    raise CellExecutionError.from_cell_and_msg(cell, exec_reply_content)
nbclient.exceptions.CellExecutionError: An error occurred while executing the following cell:
------------------
import matplotlib.pyplot as plt
from shenfun import *
import sympy as sp 
x = sp.Symbol('x')

def solve(N, ue, family='Legendre', alpha=sp.Rational(1, 10)):
    V = FunctionSpace(N, family=family, bc=(ue.subs(x, -1), ue.subs(x, 1)))
    f = ue.diff(x, 2) + alpha*ue 
    u = TrialFunction(V)
    v = TestFunction(V)
    A = inner(Dx(u, 0, 2)+alpha*u, v)
    b = inner(f, v)
    uN = la.Solver(A)(b)
    return uN 

ue = (1-x**2)*sp.exp(sp.cos(x-sp.S.Half))
uN = solve(20, ue)
uj = uN.backward()
xj = uN.function_space().mesh()
plt.plot(xj, uj, 'b', xj, sp.lambdify(x, ue)(xj), 'ro')
plt.legend([uN.function_space().family(), 'Exact']);
------------------


[0;31m---------------------------------------------------------------------------[0m
[0;31mModuleNotFoundError[0m                       Traceback (most recent call last)
Cell [0;32mIn[1], line 1[0m
[0;32m----> 1[0m [38;5;28;01mimport[39;00m [38;5;21;01mmatplotlib[39;00m[38;5;21;01m.[39;00m[38;5;21;01mpyplot[39;00m [38;5;28;01mas[39;00m [38;5;21;01mplt[39;00m
[1;32m      2[0m [38;5;28;01mfrom[39;00m [38;5;21;01mshenfun[39;00m [38;5;28;01mimport[39;00m [38;5;241m*[39m
[1;32m      3[0m [38;5;28;01mimport[39;00m [38;5;21;01msympy[39;00m [38;5;28;01mas[39;00m [38;5;21;01msp[39;00m 

[0;31mModuleNotFoundError[0m: No module named 'matplotlib'

